<?xml version="1.0" encoding="UTF-8"?>
<testsuite xmlns:xsi="http://www.w3.org/2001/XMLSchema-instance" xsi:noNamespaceSchemaLocation="https://maven.apache.org/surefire/maven-surefire-plugin/xsd/surefire-test-report-3.0.xsd" version="3.0" name="com.example.order_service.OrderServiceApplicationTests" time="5.786" tests="1" errors="0" skipped="0" failures="0">
  <properties>
[...]
</properties>
  <testcase name="contextLoads" classname="com.example.order_service.OrderServiceApplicationTests" time="0.452">
    <system-out><![CDATA[20:56:33.140 [main] INFO org.springframework.test.context.support.AnnotationConfigContextLoaderUtils -- Could not detect default configuration classes for test class [com.example.order_service.OrderServiceApplicationTests]: OrderServiceApplicationTests does not declare any static, non-private, non-final, nested classes annotated with @Configuration.
20:56:33.206 [main] INFO org.springframework.boot.test.context.SpringBootTestContextBootstrapper -- Found @SpringBootConfiguration com.example.order_service.OrderServiceApplication for test class com.example.order_service.OrderServiceApplicationTests
20:56:33.507 [main] INFO org.springframework.boot.devtools.restart.RestartApplicationListener -- Restart disabled due to context in which it is running

  .   ____          _            __ _ _
 /\\ / ___'_ __ _ _(_)_ __  __ _ \ \ \ \
( ( )\___ | '_ | '_| | '_ \/ _` | \ \ \ \
 \\/  ___)| |_)| | | | | || (_| |  ) ) ) )
  '  |____| .__|_| |_|_| |_\__, | / / / /
 =========|_|==============|___/=/_/_/_/

 :: Spring Boot ::                (v3.4.1)

2026-07-21T20:56:33.790+03:00  INFO 34257 --- [order-service] [           main] c.e.o.OrderServiceApplicationTests       : Starting OrderServiceApplicationTests using Java 21.0.5 with PID 34257 (started by nodens in /home/nodens/projects/micro-shop/order-service)
2026-07-21T20:56:33.791+03:00 DEBUG 34257 --- [order-service] [           main] c.e.o.OrderServiceApplicationTests       : Running with Spring Boot v3.4.1, Spring v6.2.1
2026-07-21T20:56:33.792+03:00  INFO 34257 --- [order-service] [           main] c.e.o.OrderServiceApplicationTests       : No active profile set, falling back to 1 default profile: "default"
2026-07-21T20:56:34.455+03:00  INFO 34257 --- [order-service] [           main] .s.d.r.c.RepositoryConfigurationDelegate : Bootstrapping Spring Data JPA repositories in DEFAULT mode.
2026-07-21T20:56:34.583+03:00  INFO 34257 --- [order-service] [           main] .s.d.r.c.RepositoryConfigurationDelegate : Finished Spring Data repository scanning in 109 ms. Found 2 JPA repository interfaces.
2026-07-21T20:56:34.794+03:00  INFO 34257 --- [order-service] [           main] faultConfiguringBeanFactoryPostProcessor : No bean named 'errorChannel' has been explicitly defined. Therefore, a default PublishSubscribeChannel will be created.
2026-07-21T20:56:34.800+03:00  INFO 34257 --- [order-service] [           main] faultConfiguringBeanFactoryPostProcessor : No bean named 'integrationHeaderChannelRegistry' has been explicitly defined. Therefore, a default DefaultHeaderChannelRegistry will be created.
2026-07-21T20:56:34.919+03:00  INFO 34257 --- [order-service] [           main] o.s.cloud.context.scope.GenericScope     : BeanFactory id=d9896b60-d4c9-34f8-8283-a6a21bd3cf8d
2026-07-21T20:56:35.247+03:00  INFO 34257 --- [order-service] [           main] com.zaxxer.hikari.HikariDataSource       : HikariPool-1 - Starting...
2026-07-21T20:56:35.343+03:00  INFO 34257 --- [order-service] [           main] com.zaxxer.hikari.pool.HikariPool        : HikariPool-1 - Added connection org.postgresql.jdbc.PgConnection@52cb52bd
2026-07-21T20:56:35.345+03:00  INFO 34257 --- [order-service] [           main] com.zaxxer.hikari.HikariDataSource       : HikariPool-1 - Start completed.
2026-07-21T20:56:35.454+03:00  INFO 34257 --- [order-service] [           main] liquibase.database                       : Set default schema name to public
2026-07-21T20:56:35.731+03:00  INFO 34257 --- [order-service] [           main] liquibase.changelog                      : Reading from public.databasechangelog
2026-07-21T20:56:35.783+03:00  INFO 34257 --- [order-service] [           main] liquibase.ui                             : Database is up to date, no changesets to execute
2026-07-21T20:56:35.785+03:00  INFO 34257 --- [order-service] [           main] liquibase.changelog                      : Reading from public.databasechangelog
2026-07-21T20:56:35.793+03:00  INFO 34257 --- [order-service] [           main] liquibase.util                           : UPDATE SUMMARY
2026-07-21T20:56:35.793+03:00  INFO 34257 --- [order-service] [           main] liquibase.util                           : Run:                          0
2026-07-21T20:56:35.794+03:00  INFO 34257 --- [order-service] [           main] liquibase.util                           : Previously run:               4
2026-07-21T20:56:35.794+03:00  INFO 34257 --- [order-service] [           main] liquibase.util                           : Filtered out:                 0
2026-07-21T20:56:35.794+03:00  INFO 34257 --- [order-service] [           main] liquibase.util                           : -------------------------------
2026-07-21T20:56:35.794+03:00  INFO 34257 --- [order-service] [           main] liquibase.util                           : Total change sets:            4
2026-07-21T20:56:35.795+03:00  INFO 34257 --- [order-service] [           main] liquibase.util                           : Update summary generated
2026-07-21T20:56:35.795+03:00  INFO 34257 --- [order-service] [           main] liquibase.command                        : Command execution complete
2026-07-21T20:56:35.909+03:00  INFO 34257 --- [order-service] [           main] o.hibernate.jpa.internal.util.LogHelper  : HHH000204: Processing PersistenceUnitInfo [name: default]
2026-07-21T20:56:35.948+03:00  INFO 34257 --- [order-service] [           main] org.hibernate.Version                    : HHH000412: Hibernate ORM core version 6.6.4.Final
2026-07-21T20:56:35.968+03:00  INFO 34257 --- [order-service] [           main] o.h.c.internal.RegionFactoryInitiator    : HHH000026: Second-level cache disabled
2026-07-21T20:56:36.137+03:00  INFO 34257 --- [order-service] [           main] o.s.o.j.p.SpringPersistenceUnitInfo      : No LoadTimeWeaver setup: ignoring JPA class transformer
2026-07-21T20:56:36.170+03:00  WARN 34257 --- [order-service] [           main] org.hibernate.orm.deprecation            : HHH90000025: PostgreSQLDialect does not need to be specified explicitly using 'hibernate.dialect' (remove the property setting and it will be selected by default)
2026-07-21T20:56:36.179+03:00  INFO 34257 --- [order-service] [           main] org.hibernate.orm.connections.pooling    : HHH10001005: Database info:
	Database JDBC URL [Connecting through datasource 'HikariDataSource (HikariPool-1)']
	Database driver: undefined/unknown
	Database version: 12.9
	Autocommit mode: undefined/unknown
	Isolation level: undefined/unknown
	Minimum pool size: undefined/unknown
	Maximum pool size: undefined/unknown
2026-07-21T20:56:36.797+03:00  INFO 34257 --- [order-service] [           main] o.h.e.t.j.p.i.JtaPlatformInitiator       : HHH000489: No JTA platform available (set 'hibernate.transaction.jta.platform' to enable JTA platform integration)
2026-07-21T20:56:36.819+03:00  INFO 34257 --- [order-service] [           main] j.LocalContainerEntityManagerFactoryBean : Initialized JPA EntityManagerFactory for persistence unit 'default'
2026-07-21T20:56:37.123+03:00  WARN 34257 --- [order-service] [           main] JpaBaseConfiguration$JpaWebConfiguration : spring.jpa.open-in-view is enabled by default. Therefore, database queries may be performed during view rendering. Explicitly configure spring.jpa.open-in-view to disable this warning
2026-07-21T20:56:37.867+03:00  WARN 34257 --- [order-service] [           main] iguration$LoadBalancerCaffeineWarnLogger : Spring Cloud LoadBalancer is currently working with the default cache. While this cache implementation is useful for development and tests, it's recommended to use Caffeine cache in production.You can switch to using Caffeine cache, by adding it and org.springframework.cache.caffeine.CaffeineCacheManager to the classpath.
2026-07-21T20:56:37.997+03:00  INFO 34257 --- [order-service] [           main] o.a.k.clients.admin.AdminClientConfig    : AdminClientConfig values: 
	auto.include.jmx.reporter = true
	bootstrap.controllers = []
	bootstrap.servers = [localhost:29092]
	client.dns.lookup = use_all_dns_ips
	client.id = order-service-admin-0
	connections.max.idle.ms = 300000
	default.api.timeout.ms = 60000
	enable.metrics.push = true
	metadata.max.age.ms = 300000
	metadata.recovery.strategy = none
	metric.reporters = []
	metrics.num.samples = 2
	metrics.recording.level = INFO
	metrics.sample.window.ms = 30000
	receive.buffer.bytes = 65536
	reconnect.backoff.max.ms = 1000
	reconnect.backoff.ms = 50
	request.timeout.ms = 30000
	retries = 2147483647
	retry.backoff.max.ms = 1000
	retry.backoff.ms = 100
	sasl.client.callback.handler.class = null
	sasl.jaas.config = null
	sasl.kerberos.kinit.cmd = /usr/bin/kinit
	sasl.kerberos.min.time.before.relogin = 60000
	sasl.kerberos.service.name = null
	sasl.kerberos.ticket.renew.jitter = 0.05
	sasl.kerberos.ticket.renew.window.factor = 0.8
	sasl.login.callback.handler.class = null
	sasl.login.class = null
	sasl.login.connect.timeout.ms = null
	sasl.login.read.timeout.ms = null
	sasl.login.refresh.buffer.seconds = 300
	sasl.login.refresh.min.period.seconds = 60
	sasl.login.refresh.window.factor = 0.8
	sasl.login.refresh.window.jitter = 0.05
	sasl.login.retry.backoff.max.ms = 10000
	sasl.login.retry.backoff.ms = 100
	sasl.mechanism = GSSAPI
	sasl.oauthbearer.clock.skew.seconds = 30
	sasl.oauthbearer.expected.audience = null
	sasl.oauthbearer.expected.issuer = null
	sasl.oauthbearer.jwks.endpoint.refresh.ms = 3600000
	sasl.oauthbearer.jwks.endpoint.retry.backoff.max.ms = 10000
	sasl.oauthbearer.jwks.endpoint.retry.backoff.ms = 100
	sasl.oauthbearer.jwks.endpoint.url = null
	sasl.oauthbearer.scope.claim.name = scope
	sasl.oauthbearer.sub.claim.name = sub
	sasl.oauthbearer.token.endpoint.url = null
	security.protocol = PLAINTEXT
	security.providers = null
	send.buffer.bytes = 131072
	socket.connection.setup.timeout.max.ms = 30000
	socket.connection.setup.timeout.ms = 10000
	ssl.cipher.suites = null
	ssl.enabled.protocols = [TLSv1.2, TLSv1.3]
	ssl.endpoint.identification.algorithm = https
	ssl.engine.factory.class = null
	ssl.key.password = null
	ssl.keymanager.algorithm = SunX509
	ssl.keystore.certificate.chain = null
	ssl.keystore.key = null
	ssl.keystore.location = null
	ssl.keystore.password = null
	ssl.keystore.type = JKS
	ssl.protocol = TLSv1.3
	ssl.provider = null
	ssl.secure.random.implementation = null
	ssl.trustmanager.algorithm = PKIX
	ssl.truststore.certificates = null
	ssl.truststore.location = null
	ssl.truststore.password = null
	ssl.truststore.type = JKS

2026-07-21T20:56:38.118+03:00  INFO 34257 --- [order-service] [           main] o.a.kafka.common.utils.AppInfoParser     : Kafka version: 3.8.1
2026-07-21T20:56:38.119+03:00  INFO 34257 --- [order-service] [           main] o.a.kafka.common.utils.AppInfoParser     : Kafka commitId: 70d6ff42debf7e17
2026-07-21T20:56:38.119+03:00  INFO 34257 --- [order-service] [           main] o.a.kafka.common.utils.AppInfoParser     : Kafka startTimeMs: 1784656598117
2026-07-21T20:56:38.326+03:00  WARN 34257 --- [order-service] [service-admin-0] o.a.k.clients.admin.KafkaAdminClient     : [AdminClient clientId=order-service-admin-0] The DescribeTopicPartitions API is not supported, using Metadata API to describe topics.
2026-07-21T20:56:38.330+03:00  INFO 34257 --- [order-service] [service-admin-0] o.a.kafka.common.utils.AppInfoParser     : App info kafka.admin.client for order-service-admin-0 unregistered
2026-07-21T20:56:38.334+03:00  INFO 34257 --- [order-service] [service-admin-0] o.apache.kafka.common.metrics.Metrics    : Metrics scheduler closed
2026-07-21T20:56:38.335+03:00  INFO 34257 --- [order-service] [service-admin-0] o.apache.kafka.common.metrics.Metrics    : Closing reporter org.apache.kafka.common.metrics.JmxReporter
2026-07-21T20:56:38.335+03:00  INFO 34257 --- [order-service] [service-admin-0] o.apache.kafka.common.metrics.Metrics    : Metrics reporters closed
2026-07-21T20:56:38.340+03:00  INFO 34257 --- [order-service] [           main] o.s.i.endpoint.EventDrivenConsumer       : Adding {logging-channel-adapter:_org.springframework.integration.errorLogger} as a subscriber to the 'errorChannel' channel
2026-07-21T20:56:38.340+03:00  INFO 34257 --- [order-service] [           main] o.s.i.channel.PublishSubscribeChannel    : Channel 'order-service.errorChannel' has 1 subscriber(s).
2026-07-21T20:56:38.340+03:00  INFO 34257 --- [order-service] [           main] o.s.i.endpoint.EventDrivenConsumer       : started bean '_org.springframework.integration.errorLogger'
2026-07-21T20:56:38.350+03:00  INFO 34257 --- [order-service] [           main] c.e.o.OrderServiceApplicationTests       : Started OrderServiceApplicationTests in 4.857 seconds (process running for 5.729)
]]></system-out>
    <system-err><![CDATA[Mockito is currently self-attaching to enable the inline-mock-maker. This will no longer work in future releases of the JDK. Please add Mockito as an agent to your build what is described in Mockito's documentation: https://javadoc.io/doc/org.mockito/mockito-core/latest/org/mockito/Mockito.html#0.3
WARNING: A Java agent has been loaded dynamically (/home/nodens/.m2/repository/net/bytebuddy/byte-buddy-agent/1.15.11/byte-buddy-agent-1.15.11.jar)
WARNING: If a serviceability tool is in use, please run with -XX:+EnableDynamicAgentLoading to hide this warning
WARNING: If a serviceability tool is not in use, please run with -Djdk.instrument.traceUsage for more information
WARNING: Dynamic loading of agents will be disallowed by default in a future release
]]></system-err>
  </testcase>
</testsuite>