<?xml version="1.0" encoding="UTF-8"?>
<testsuite xmlns:xsi="http://www.w3.org/2001/XMLSchema-instance" xsi:noNamespaceSchemaLocation="https://maven.apache.org/surefire/maven-surefire-plugin/xsd/surefire-test-report-3.0.xsd" version="3.0" name="com.example.order_service.controller.OrderControllerTest" time="0.961" tests="7" errors="0" skipped="0" failures="0">
  <properties>
[...]
</properties>
  <testcase name="getCustomerOrders_Success" classname="com.example.order_service.controller.OrderControllerTest" time="0.181">
    <system-out><![CDATA[2026-07-21T20:56:38.850+03:00  INFO 34257 --- [order-service] [           main] t.c.s.AnnotationConfigContextLoaderUtils : Could not detect default configuration classes for test class [com.example.order_service.controller.OrderControllerTest]: OrderControllerTest does not declare any static, non-private, non-final, nested classes annotated with @Configuration.
2026-07-21T20:56:38.892+03:00  INFO 34257 --- [order-service] [           main] .b.t.c.SpringBootTestContextBootstrapper : Found @SpringBootConfiguration com.example.order_service.OrderServiceApplication for test class com.example.order_service.controller.OrderControllerTest
2026-07-21T20:56:38.898+03:00  INFO 34257 --- [order-service] [           main] o.s.b.d.r.RestartApplicationListener     : Restart disabled due to context in which it is running

  .   ____          _            __ _ _
 /\\ / ___'_ __ _ _(_)_ __  __ _ \ \ \ \
( ( )\___ | '_ | '_| | '_ \/ _` | \ \ \ \
 \\/  ___)| |_)| | | | | || (_| |  ) ) ) )
  '  |____| .__|_| |_|_| |_\__, | / / / /
 =========|_|==============|___/=/_/_/_/

 :: Spring Boot ::                (v3.4.1)

2026-07-21T20:56:38.955+03:00  INFO 34257 --- [order-service] [           main] c.e.o.controller.OrderControllerTest     : Starting OrderControllerTest using Java 21.0.5 with PID 34257 (started by nodens in /home/nodens/projects/micro-shop/order-service)
2026-07-21T20:56:38.955+03:00 DEBUG 34257 --- [order-service] [           main] c.e.o.controller.OrderControllerTest     : Running with Spring Boot v3.4.1, Spring v6.2.1
2026-07-21T20:56:38.955+03:00  INFO 34257 --- [order-service] [           main] c.e.o.controller.OrderControllerTest     : No active profile set, falling back to 1 default profile: "default"
2026-07-21T20:56:39.370+03:00  INFO 34257 --- [order-service] [           main] o.s.b.t.m.w.SpringBootMockServletContext : Initializing Spring TestDispatcherServlet ''
2026-07-21T20:56:39.371+03:00  INFO 34257 --- [order-service] [           main] o.s.t.web.servlet.TestDispatcherServlet  : Initializing Servlet ''
2026-07-21T20:56:39.374+03:00  INFO 34257 --- [order-service] [           main] o.s.t.web.servlet.TestDispatcherServlet  : Completed initialization in 1 ms
2026-07-21T20:56:39.391+03:00  INFO 34257 --- [order-service] [           main] c.e.o.controller.OrderControllerTest     : Started OrderControllerTest in 0.493 seconds (process running for 6.77)
2026-07-21T20:56:39.469+03:00  INFO 34257 --- [order-service] [           main] c.e.o.controller.OrderController         : Received request to get orders for customer: e9187161-3c8a-448c-93f1-6bde9b0d7bfd
]]></system-out>
  </testcase>
  <testcase name="createOrder_ValidationError_ShouldReturnBadRequest" classname="com.example.order_service.controller.OrderControllerTest" time="0.142">
    <system-out><![CDATA[2026-07-21T20:56:39.711+03:00 ERROR 34257 --- [order-service] [           main] c.e.o.exception.GlobalExceptionHandler   : Validation error: Validation failed for argument [0] in public com.example.order_service.dto.OrderResponse com.example.order_service.controller.OrderController.createOrder(com.example.order_service.dto.OrderRequest) with 2 errors: [Field error in object 'orderRequest' on field 'customerEmail': rejected value []; codes [NotBlank.orderRequest.customerEmail,NotBlank.customerEmail,NotBlank.java.lang.String,NotBlank]; arguments [org.springframework.context.support.DefaultMessageSourceResolvable: codes [orderRequest.customerEmail,customerEmail]; arguments []; default message [customerEmail]]; default message [Customer email is required]] [Field error in object 'orderRequest' on field 'items': rejected value [[]]; codes [NotEmpty.orderRequest.items,NotEmpty.items,NotEmpty.java.util.List,NotEmpty]; arguments [org.springframework.context.support.DefaultMessageSourceResolvable: codes [orderRequest.items,items]; arguments []; default message [items]]; default message [Order must contain at least one item]] 
]]></system-out>
  </testcase>
  <testcase name="getOrder_Success" classname="com.example.order_service.controller.OrderControllerTest" time="0.01">
    <system-out><![CDATA[2026-07-21T20:56:39.728+03:00  INFO 34257 --- [order-service] [           main] c.e.o.controller.OrderController         : Received request to get order by id: 228e27aa-d730-45a1-a5c7-8b6e5c7f5636
]]></system-out>
  </testcase>
  <testcase name="getCustomerOrders_EmptyList_ShouldReturnEmptyArray" classname="com.example.order_service.controller.OrderControllerTest" time="0.009">
    <system-out><![CDATA[2026-07-21T20:56:39.740+03:00  INFO 34257 --- [order-service] [           main] c.e.o.controller.OrderController         : Received request to get orders for customer: 383e58b8-ae3b-4b1c-a989-0a0814b90453
]]></system-out>
  </testcase>
  <testcase name="getOrder_NotFound_ShouldReturnNotFound" classname="com.example.order_service.controller.OrderControllerTest" time="0.011">
    <system-out><![CDATA[2026-07-21T20:56:39.752+03:00  INFO 34257 --- [order-service] [           main] c.e.o.controller.OrderController         : Received request to get order by id: 9892bd1f-88a3-480a-82f1-c748bbbd695a
2026-07-21T20:56:39.753+03:00 ERROR 34257 --- [order-service] [           main] c.e.o.exception.GlobalExceptionHandler   : Order not found: Order not found with id: 9892bd1f-88a3-480a-82f1-c748bbbd695a
]]></system-out>
  </testcase>
  <testcase name="createOrder_WarehouseConflict_ShouldReturnConflict" classname="com.example.order_service.controller.OrderControllerTest" time="0.033">
    <system-out><![CDATA[2026-07-21T20:56:39.789+03:00  INFO 34257 --- [order-service] [           main] c.e.o.controller.OrderController         : Received request to create order for customer: 0c4f76ca-a4f4-41e6-934a-7e3e5877dbd4
2026-07-21T20:56:39.790+03:00 ERROR 34257 --- [order-service] [           main] c.e.o.exception.GlobalExceptionHandler   : Warehouse conflict: Not enough stock
]]></system-out>
  </testcase>
  <testcase name="createOrder_Success" classname="com.example.order_service.controller.OrderControllerTest" time="0.009">
    <system-out><![CDATA[2026-07-21T20:56:39.800+03:00  INFO 34257 --- [order-service] [           main] c.e.o.controller.OrderController         : Received request to create order for customer: 1ed54b30-5248-436b-8511-bf16e9eab166
]]></system-out>
  </testcase>
</testsuite>