<?xml version="1.0" encoding="UTF-8"?>
<testsuite xmlns:xsi="http://www.w3.org/2001/XMLSchema-instance" xsi:noNamespaceSchemaLocation="https://maven.apache.org/surefire/maven-surefire-plugin/xsd/surefire-test-report-3.0.xsd" version="3.0" name="com.example.order_service.service.OrderServiceImplTest" time="0.533" tests="14" errors="0" skipped="0" failures="0">
  <properties>
[...]
</properties>
  <testcase name="getOrdersByCustomerId_Success" classname="com.example.order_service.service.OrderServiceImplTest" time="0.323">
    <system-out><![CDATA[2026-07-21T20:56:40.079+03:00  INFO 34257 --- [order-service] [           main] c.e.o.service.OrderServiceImpl           : Fetching orders for customer: 9f4fb7ef-4da4-4584-8656-3a1053a764f6
]]></system-out>
  </testcase>
  <testcase name="createOrder_WarehouseConflict_ThrowsException" classname="com.example.order_service.service.OrderServiceImplTest" time="0.114">
    <system-out><![CDATA[2026-07-21T20:56:40.253+03:00  INFO 34257 --- [order-service] [           main] c.e.o.service.OrderServiceImpl           : Creating order for customer: 274f2bf5-39a3-4288-8802-3ea6f7a89334
2026-07-21T20:56:40.254+03:00 ERROR 34257 --- [order-service] [           main] c.e.o.service.OrderServiceImpl           : Warehouse conflict: not enough stock
]]></system-out>
  </testcase>
  <testcase name="createOrder_PublishesKafkaEventsWithCorrectData" classname="com.example.order_service.service.OrderServiceImplTest" time="0.007">
    <system-out><![CDATA[2026-07-21T20:56:40.262+03:00  INFO 34257 --- [order-service] [           main] c.e.o.service.OrderServiceImpl           : Creating order for customer: 173315a0-393d-4be1-b228-c2090e481758
2026-07-21T20:56:40.262+03:00  INFO 34257 --- [order-service] [           main] c.e.o.service.OrderServiceImpl           : Warehouse reservation successful
2026-07-21T20:56:40.263+03:00  INFO 34257 --- [order-service] [           main] c.e.o.service.OrderServiceImpl           : Order saved with status CONFIRMED, id: 72be1a32-8c65-4713-b18a-8483b293dd86
2026-07-21T20:56:40.263+03:00  INFO 34257 --- [order-service] [           main] c.e.o.service.OrderServiceImpl           : Kafka events published for order: 72be1a32-8c65-4713-b18a-8483b293dd86
]]></system-out>
  </testcase>
  <testcase name="getOrderById_Success" classname="com.example.order_service.service.OrderServiceImplTest" time="0.008">
    <system-out><![CDATA[2026-07-21T20:56:40.268+03:00  INFO 34257 --- [order-service] [           main] c.e.o.service.OrderServiceImpl           : Fetching order by id: 2686a950-fe00-4531-bd16-c01ac5eccb82
]]></system-out>
  </testcase>
  <testcase name="createOrder_WithEmptyItems_ShouldCalculateTotalZero" classname="com.example.order_service.service.OrderServiceImplTest" time="0.007">
    <system-out><![CDATA[2026-07-21T20:56:40.292+03:00  INFO 34257 --- [order-service] [           main] c.e.o.service.OrderServiceImpl           : Creating order for customer: bd532a88-b47b-41bd-a441-03d7e92a2336
2026-07-21T20:56:40.292+03:00  INFO 34257 --- [order-service] [           main] c.e.o.service.OrderServiceImpl           : Warehouse reservation successful
2026-07-21T20:56:40.292+03:00  INFO 34257 --- [order-service] [           main] c.e.o.service.OrderServiceImpl           : Order saved with status CONFIRMED, id: bde0de41-ea11-434e-b5c6-bc94756b631e
2026-07-21T20:56:40.292+03:00  INFO 34257 --- [order-service] [           main] c.e.o.service.OrderServiceImpl           : Kafka events published for order: bde0de41-ea11-434e-b5c6-bc94756b631e
]]></system-out>
  </testcase>
  <testcase name="createOrder_WarehouseServiceUnavailable_WithNullStatus" classname="com.example.order_service.service.OrderServiceImplTest" time="0.01">
    <system-out><![CDATA[2026-07-21T20:56:40.298+03:00  INFO 34257 --- [order-service] [           main] c.e.o.service.OrderServiceImpl           : Creating order for customer: 905c7022-721e-4cac-b713-fe1f2ec6f24f
2026-07-21T20:56:40.299+03:00 ERROR 34257 --- [order-service] [           main] c.e.o.service.OrderServiceImpl           : Warehouse service unavailable

feign.FeignException: null

]]></system-out>
  </testcase>
  <testcase name="createOrder_SavesOrderWithCorrectTotalAmount" classname="com.example.order_service.service.OrderServiceImplTest" time="0.006">
    <system-out><![CDATA[2026-07-21T20:56:40.308+03:00  INFO 34257 --- [order-service] [           main] c.e.o.service.OrderServiceImpl           : Creating order for customer: 3e722314-f6c3-4edd-bb8d-5440ad67c91b
2026-07-21T20:56:40.308+03:00  INFO 34257 --- [order-service] [           main] c.e.o.service.OrderServiceImpl           : Warehouse reservation successful
2026-07-21T20:56:40.309+03:00  INFO 34257 --- [order-service] [           main] c.e.o.service.OrderServiceImpl           : Order saved with status CONFIRMED, id: 9714fa23-71aa-43c7-8bae-0ceaa8863489
2026-07-21T20:56:40.309+03:00  INFO 34257 --- [order-service] [           main] c.e.o.service.OrderServiceImpl           : Kafka events published for order: 9714fa23-71aa-43c7-8bae-0ceaa8863489
]]></system-out>
  </testcase>
  <testcase name="saveOrderInTransaction_ShouldBeCalledWithinTransaction" classname="com.example.order_service.service.OrderServiceImplTest" time="0.006">
    <system-out><![CDATA[2026-07-21T20:56:40.315+03:00  INFO 34257 --- [order-service] [           main] c.e.o.service.OrderServiceImpl           : Creating order for customer: a363f32e-6360-4016-acb2-4fb985bbaa57
2026-07-21T20:56:40.315+03:00  INFO 34257 --- [order-service] [           main] c.e.o.service.OrderServiceImpl           : Warehouse reservation successful
2026-07-21T20:56:40.316+03:00  INFO 34257 --- [order-service] [           main] c.e.o.service.OrderServiceImpl           : Order saved with status CONFIRMED, id: 2552ff72-73c9-4f2a-81ee-1e142447cb7f
2026-07-21T20:56:40.316+03:00  INFO 34257 --- [order-service] [           main] c.e.o.service.OrderServiceImpl           : Kafka events published for order: 2552ff72-73c9-4f2a-81ee-1e142447cb7f
]]></system-out>
  </testcase>
  <testcase name="createOrder_SavesOrderWithCorrectStatus" classname="com.example.order_service.service.OrderServiceImplTest" time="0.005">
    <system-out><![CDATA[2026-07-21T20:56:40.321+03:00  INFO 34257 --- [order-service] [           main] c.e.o.service.OrderServiceImpl           : Creating order for customer: 30049d60-03e3-4b73-af61-03e2c89aed4a
2026-07-21T20:56:40.322+03:00  INFO 34257 --- [order-service] [           main] c.e.o.service.OrderServiceImpl           : Warehouse reservation successful
2026-07-21T20:56:40.322+03:00  INFO 34257 --- [order-service] [           main] c.e.o.service.OrderServiceImpl           : Order saved with status CONFIRMED, id: dc3debb1-777b-4c80-a19d-e2560564416c
2026-07-21T20:56:40.322+03:00  INFO 34257 --- [order-service] [           main] c.e.o.service.OrderServiceImpl           : Kafka events published for order: dc3debb1-777b-4c80-a19d-e2560564416c
]]></system-out>
  </testcase>
  <testcase name="createOrder_WarehouseServiceUnavailable_ThrowsException" classname="com.example.order_service.service.OrderServiceImplTest" time="0.006">
    <system-out><![CDATA[2026-07-21T20:56:40.328+03:00  INFO 34257 --- [order-service] [           main] c.e.o.service.OrderServiceImpl           : Creating order for customer: 0eeb48fd-b22d-43c2-b2fc-14ed9ea14df1
2026-07-21T20:56:40.328+03:00 ERROR 34257 --- [order-service] [           main] c.e.o.service.OrderServiceImpl           : Warehouse service unavailable

feign.FeignException: null

]]></system-out>
  </testcase>
  <testcase name="getOrderById_OrderNotFound_ThrowsException" classname="com.example.order_service.service.OrderServiceImplTest" time="0.005">
    <system-out><![CDATA[2026-07-21T20:56:40.334+03:00  INFO 34257 --- [order-service] [           main] c.e.o.service.OrderServiceImpl           : Fetching order by id: 11767db8-6d28-47b7-899f-2eebe2bf8bee
]]></system-out>
  </testcase>
  <testcase name="createOrder_Success" classname="com.example.order_service.service.OrderServiceImplTest" time="0.006">
    <system-out><![CDATA[2026-07-21T20:56:40.340+03:00  INFO 34257 --- [order-service] [           main] c.e.o.service.OrderServiceImpl           : Creating order for customer: c6706d3f-e0da-4446-a7cf-c99f3ea3078e
2026-07-21T20:56:40.340+03:00  INFO 34257 --- [order-service] [           main] c.e.o.service.OrderServiceImpl           : Warehouse reservation successful
2026-07-21T20:56:40.340+03:00  INFO 34257 --- [order-service] [           main] c.e.o.service.OrderServiceImpl           : Order saved with status CONFIRMED, id: 4e04aece-9aa2-49f5-bc8b-5278fb8359d3
2026-07-21T20:56:40.341+03:00  INFO 34257 --- [order-service] [           main] c.e.o.service.OrderServiceImpl           : Kafka events published for order: 4e04aece-9aa2-49f5-bc8b-5278fb8359d3
]]></system-out>
  </testcase>
  <testcase name="getOrdersByCustomerId_EmptyList_ReturnsEmptyList" classname="com.example.order_service.service.OrderServiceImplTest" time="0.003">
    <system-out><![CDATA[2026-07-21T20:56:40.345+03:00  INFO 34257 --- [order-service] [           main] c.e.o.service.OrderServiceImpl           : Fetching orders for customer: 02d35b60-7426-4392-8ef6-ac580a3b9635
]]></system-out>
  </testcase>
  <testcase name="getOrdersByCustomerId_MultipleOrders" classname="com.example.order_service.service.OrderServiceImplTest" time="0.004">
    <system-out><![CDATA[2026-07-21T20:56:40.349+03:00  INFO 34257 --- [order-service] [           main] c.e.o.service.OrderServiceImpl           : Fetching orders for customer: 4f2249cc-268b-408c-8bbe-e6f8c3476f9a
]]></system-out>
  </testcase>
</testsuite>